31-Mar-2017 15:46:29.737 INFO [main] org.apache.catalina.startup.VersionLoggerListener.log Server version:        Apache Tomcat/8.5.12
31-Mar-2017 15:46:29.739 INFO [main] org.apache.catalina.startup.VersionLoggerListener.log Server built:          Mar 8 2017 17:41:47 UTC
31-Mar-2017 15:46:29.739 INFO [main] org.apache.catalina.startup.VersionLoggerListener.log Server number:         8.5.12.0
31-Mar-2017 15:46:29.739 INFO [main] org.apache.catalina.startup.VersionLoggerListener.log OS Name:               Linux
31-Mar-2017 15:46:29.739 INFO [main] org.apache.catalina.startup.VersionLoggerListener.log OS Version:            3.13.0-24-generic
31-Mar-2017 15:46:29.739 INFO [main] org.apache.catalina.startup.VersionLoggerListener.log Architecture:          amd64
31-Mar-2017 15:46:29.739 INFO [main] org.apache.catalina.startup.VersionLoggerListener.log Java Home:             /usr/local/jdk1.8.0_91/jre
31-Mar-2017 15:46:29.739 INFO [main] org.apache.catalina.startup.VersionLoggerListener.log JVM Version:           1.8.0_91-b14
31-Mar-2017 15:46:29.739 INFO [main] org.apache.catalina.startup.VersionLoggerListener.log JVM Vendor:            Oracle Corporation
31-Mar-2017 15:46:29.739 INFO [main] org.apache.catalina.startup.VersionLoggerListener.log CATALINA_BASE:         /home/e13175/Desktop/GitHub/COMLabs/SEMESTER5/CO322/tomcat/apache-tomcat-8.5.12
31-Mar-2017 15:46:29.739 INFO [main] org.apache.catalina.startup.VersionLoggerListener.log CATALINA_HOME:         /home/e13175/Desktop/GitHub/COMLabs/SEMESTER5/CO322/tomcat/apache-tomcat-8.5.12
31-Mar-2017 15:46:29.739 INFO [main] org.apache.catalina.startup.VersionLoggerListener.log Command line argument: -Djava.util.logging.config.file=/home/e13175/Desktop/GitHub/COMLabs/SEMESTER5/CO322/tomcat/apache-tomcat-8.5.12/conf/logging.properties
31-Mar-2017 15:46:29.740 INFO [main] org.apache.catalina.startup.VersionLoggerListener.log Command line argument: -Djava.util.logging.manager=org.apache.juli.ClassLoaderLogManager
31-Mar-2017 15:46:29.740 INFO [main] org.apache.catalina.startup.VersionLoggerListener.log Command line argument: -Dhttp.proxyHost=cachex.pdn.ac.lk
31-Mar-2017 15:46:29.740 INFO [main] org.apache.catalina.startup.VersionLoggerListener.log Command line argument: -Dhttp.proxyPort=3128
31-Mar-2017 15:46:29.740 INFO [main] org.apache.catalina.startup.VersionLoggerListener.log Command line argument: -Dhttp.nonProxyHosts=localhost|127.0.0.1|*.pdn.ac.lk
31-Mar-2017 15:46:29.740 INFO [main] org.apache.catalina.startup.VersionLoggerListener.log Command line argument: -Dhttps.proxyHost=cachex.pdn.ac.lk
31-Mar-2017 15:46:29.740 INFO [main] org.apache.catalina.startup.VersionLoggerListener.log Command line argument: -Dhttps.proxyPort=3128
31-Mar-2017 15:46:29.740 INFO [main] org.apache.catalina.startup.VersionLoggerListener.log Command line argument: -Djdk.tls.ephemeralDHKeySize=2048
31-Mar-2017 15:46:29.740 INFO [main] org.apache.catalina.startup.VersionLoggerListener.log Command line argument: -Djava.protocol.handler.pkgs=org.apache.catalina.webresources
31-Mar-2017 15:46:29.740 INFO [main] org.apache.catalina.startup.VersionLoggerListener.log Command line argument: -Dcatalina.base=/home/e13175/Desktop/GitHub/COMLabs/SEMESTER5/CO322/tomcat/apache-tomcat-8.5.12
31-Mar-2017 15:46:29.740 INFO [main] org.apache.catalina.startup.VersionLoggerListener.log Command line argument: -Dcatalina.home=/home/e13175/Desktop/GitHub/COMLabs/SEMESTER5/CO322/tomcat/apache-tomcat-8.5.12
31-Mar-2017 15:46:29.740 INFO [main] org.apache.catalina.startup.VersionLoggerListener.log Command line argument: -Djava.io.tmpdir=/home/e13175/Desktop/GitHub/COMLabs/SEMESTER5/CO322/tomcat/apache-tomcat-8.5.12/temp
31-Mar-2017 15:46:29.740 INFO [main] org.apache.catalina.core.AprLifecycleListener.lifecycleEvent The APR based Apache Tomcat Native library which allows optimal performance in production environments was not found on the java.library.path: /usr/local/jdk1.8.0_91/jre/lib/amd64:/usr/local/jdk1.8.0_91/jre/lib/i386::/usr/java/packages/lib/amd64:/usr/lib64:/lib64:/lib:/usr/lib
31-Mar-2017 15:46:29.905 INFO [main] org.apache.coyote.AbstractProtocol.init Initializing ProtocolHandler ["http-nio-8080"]
31-Mar-2017 15:46:29.917 INFO [main] org.apache.tomcat.util.net.NioSelectorPool.getSharedSelector Using a shared selector for servlet write/read
31-Mar-2017 15:46:29.921 INFO [main] org.apache.coyote.AbstractProtocol.init Initializing ProtocolHandler ["ajp-nio-8009"]
31-Mar-2017 15:46:29.922 INFO [main] org.apache.tomcat.util.net.NioSelectorPool.getSharedSelector Using a shared selector for servlet write/read
31-Mar-2017 15:46:29.922 INFO [main] org.apache.catalina.startup.Catalina.load Initialization processed in 730 ms
31-Mar-2017 15:46:29.972 INFO [main] org.apache.catalina.core.StandardService.startInternal Starting service Catalina
31-Mar-2017 15:46:29.972 INFO [main] org.apache.catalina.core.StandardEngine.startInternal Starting Servlet Engine: Apache Tomcat/8.5.12
31-Mar-2017 15:46:29.996 INFO [localhost-startStop-1] org.apache.catalina.startup.HostConfig.deployDescriptor Deploying configuration descriptor /home/e13175/Desktop/GitHub/COMLabs/SEMESTER5/CO322/tomcat/apache-tomcat-8.5.12/conf/Catalina/localhost/Address_Book.xml
31-Mar-2017 15:46:30.460 INFO [localhost-startStop-1] org.apache.catalina.startup.HostConfig.deployDescriptor Deployment of configuration descriptor /home/e13175/Desktop/GitHub/COMLabs/SEMESTER5/CO322/tomcat/apache-tomcat-8.5.12/conf/Catalina/localhost/Address_Book.xml has finished in 463 ms
31-Mar-2017 15:46:30.461 INFO [localhost-startStop-1] org.apache.catalina.startup.HostConfig.deployDirectory Deploying web application directory /home/e13175/Desktop/GitHub/COMLabs/SEMESTER5/CO322/tomcat/apache-tomcat-8.5.12/webapps/ROOT
31-Mar-2017 15:46:30.509 INFO [localhost-startStop-1] org.apache.catalina.startup.HostConfig.deployDirectory Deployment of web application directory /home/e13175/Desktop/GitHub/COMLabs/SEMESTER5/CO322/tomcat/apache-tomcat-8.5.12/webapps/ROOT has finished in 47 ms
31-Mar-2017 15:46:30.509 INFO [localhost-startStop-1] org.apache.catalina.startup.HostConfig.deployDirectory Deploying web application directory /home/e13175/Desktop/GitHub/COMLabs/SEMESTER5/CO322/tomcat/apache-tomcat-8.5.12/webapps/host-manager
31-Mar-2017 15:46:33.981 INFO [localhost-startStop-1] org.apache.catalina.startup.HostConfig.deployDirectory Deployment of web application directory /home/e13175/Desktop/GitHub/COMLabs/SEMESTER5/CO322/tomcat/apache-tomcat-8.5.12/webapps/host-manager has finished in 3,472 ms
31-Mar-2017 15:46:33.981 INFO [localhost-startStop-1] org.apache.catalina.startup.HostConfig.deployDirectory Deploying web application directory /home/e13175/Desktop/GitHub/COMLabs/SEMESTER5/CO322/tomcat/apache-tomcat-8.5.12/webapps/examples
31-Mar-2017 15:46:42.807 INFO [localhost-startStop-1] org.apache.catalina.startup.HostConfig.deployDirectory Deployment of web application directory /home/e13175/Desktop/GitHub/COMLabs/SEMESTER5/CO322/tomcat/apache-tomcat-8.5.12/webapps/examples has finished in 8,825 ms
31-Mar-2017 15:46:42.807 INFO [localhost-startStop-1] org.apache.catalina.startup.HostConfig.deployDirectory Deploying web application directory /home/e13175/Desktop/GitHub/COMLabs/SEMESTER5/CO322/tomcat/apache-tomcat-8.5.12/webapps/docs
31-Mar-2017 15:46:42.917 INFO [localhost-startStop-1] org.apache.catalina.startup.HostConfig.deployDirectory Deployment of web application directory /home/e13175/Desktop/GitHub/COMLabs/SEMESTER5/CO322/tomcat/apache-tomcat-8.5.12/webapps/docs has finished in 110 ms
31-Mar-2017 15:46:42.917 INFO [localhost-startStop-1] org.apache.catalina.startup.HostConfig.deployDirectory Deploying web application directory /home/e13175/Desktop/GitHub/COMLabs/SEMESTER5/CO322/tomcat/apache-tomcat-8.5.12/webapps/manager
31-Mar-2017 15:46:43.094 INFO [localhost-startStop-1] org.apache.catalina.startup.HostConfig.deployDirectory Deployment of web application directory /home/e13175/Desktop/GitHub/COMLabs/SEMESTER5/CO322/tomcat/apache-tomcat-8.5.12/webapps/manager has finished in 177 ms
31-Mar-2017 15:46:43.108 INFO [main] org.apache.coyote.AbstractProtocol.start Starting ProtocolHandler [http-nio-8080]
31-Mar-2017 15:46:43.114 INFO [main] org.apache.coyote.AbstractProtocol.start Starting ProtocolHandler [ajp-nio-8009]
31-Mar-2017 15:46:43.123 INFO [main] org.apache.catalina.startup.Catalina.start Server startup in 13201 ms
31-Mar-2017 15:46:56.941 INFO [http-nio-8080-exec-3] org.apache.catalina.startup.HostConfig.deployDescriptor Deploying configuration descriptor /home/e13175/Desktop/GitHub/COMLabs/SEMESTER5/CO322/tomcat/apache-tomcat-8.5.12/conf/Catalina/localhost/StockTicker.xml
31-Mar-2017 15:46:56.977 INFO [http-nio-8080-exec-3] org.apache.catalina.startup.HostConfig.deployDescriptor Deployment of configuration descriptor /home/e13175/Desktop/GitHub/COMLabs/SEMESTER5/CO322/tomcat/apache-tomcat-8.5.12/conf/Catalina/localhost/StockTicker.xml has finished in 36 ms
31-Mar-2017 15:46:56.982 INFO [http-nio-8080-exec-4] org.apache.catalina.util.LifecycleBase.start The start() method was called on component [StandardEngine[Catalina].StandardHost[localhost].StandardContext[/StockTicker]] after start() had already been called. The second call will be ignored.
31-Mar-2017 15:46:57.312 INFO [http-nio-8080-exec-6] stockTicker.PriceUpdate.init Started stock price updates
31-Mar-2017 15:46:57.313 INFO [Thread-6] stockTicker.Stock.run Time: Fri Mar 31 15:46:57 IST 2017, Price: 102
31-Mar-2017 15:46:59.313 INFO [Thread-6] stockTicker.Stock.run Time: Fri Mar 31 15:46:59 IST 2017, Price: 98
31-Mar-2017 15:47:01.314 INFO [Thread-6] stockTicker.Stock.run Time: Fri Mar 31 15:47:01 IST 2017, Price: 92
31-Mar-2017 15:47:03.314 INFO [Thread-6] stockTicker.Stock.run Time: Fri Mar 31 15:47:03 IST 2017, Price: 108
31-Mar-2017 15:47:05.315 INFO [Thread-6] stockTicker.Stock.run Time: Fri Mar 31 15:47:05 IST 2017, Price: 94
31-Mar-2017 15:47:07.315 INFO [Thread-6] stockTicker.Stock.run Time: Fri Mar 31 15:47:07 IST 2017, Price: 97
31-Mar-2017 15:47:09.316 INFO [Thread-6] stockTicker.Stock.run Time: Fri Mar 31 15:47:09 IST 2017, Price: 104
31-Mar-2017 15:47:11.316 INFO [Thread-6] stockTicker.Stock.run Time: Fri Mar 31 15:47:11 IST 2017, Price: 105
31-Mar-2017 15:47:13.317 INFO [Thread-6] stockTicker.Stock.run Time: Fri Mar 31 15:47:13 IST 2017, Price: 101
31-Mar-2017 15:47:15.317 INFO [Thread-6] stockTicker.Stock.run Time: Fri Mar 31 15:47:15 IST 2017, Price: 97
31-Mar-2017 15:47:17.317 INFO [Thread-6] stockTicker.Stock.run Time: Fri Mar 31 15:47:17 IST 2017, Price: 92
31-Mar-2017 15:47:19.318 INFO [Thread-6] stockTicker.Stock.run Time: Fri Mar 31 15:47:19 IST 2017, Price: 98
31-Mar-2017 15:47:21.318 INFO [Thread-6] stockTicker.Stock.run Time: Fri Mar 31 15:47:21 IST 2017, Price: 101
31-Mar-2017 15:47:23.319 INFO [Thread-6] stockTicker.Stock.run Time: Fri Mar 31 15:47:23 IST 2017, Price: 96
31-Mar-2017 15:47:25.319 INFO [Thread-6] stockTicker.Stock.run Time: Fri Mar 31 15:47:25 IST 2017, Price: 93
31-Mar-2017 15:47:27.320 INFO [Thread-6] stockTicker.Stock.run Time: Fri Mar 31 15:47:27 IST 2017, Price: 93
31-Mar-2017 15:47:29.320 INFO [Thread-6] stockTicker.Stock.run Time: Fri Mar 31 15:47:29 IST 2017, Price: 102
31-Mar-2017 15:47:31.321 INFO [Thread-6] stockTicker.Stock.run Time: Fri Mar 31 15:47:31 IST 2017, Price: 93
31-Mar-2017 15:47:33.321 INFO [Thread-6] stockTicker.Stock.run Time: Fri Mar 31 15:47:33 IST 2017, Price: 104
31-Mar-2017 15:47:35.322 INFO [Thread-6] stockTicker.Stock.run Time: Fri Mar 31 15:47:35 IST 2017, Price: 105
31-Mar-2017 15:47:37.322 INFO [Thread-6] stockTicker.Stock.run Time: Fri Mar 31 15:47:37 IST 2017, Price: 91
31-Mar-2017 15:47:39.323 INFO [Thread-6] stockTicker.Stock.run Time: Fri Mar 31 15:47:39 IST 2017, Price: 97
31-Mar-2017 15:47:41.323 INFO [Thread-6] stockTicker.Stock.run Time: Fri Mar 31 15:47:41 IST 2017, Price: 97
31-Mar-2017 15:47:43.323 INFO [Thread-6] stockTicker.Stock.run Time: Fri Mar 31 15:47:43 IST 2017, Price: 90
31-Mar-2017 15:47:45.324 INFO [Thread-6] stockTicker.Stock.run Time: Fri Mar 31 15:47:45 IST 2017, Price: 100
31-Mar-2017 15:47:47.324 INFO [Thread-6] stockTicker.Stock.run Time: Fri Mar 31 15:47:47 IST 2017, Price: 107
31-Mar-2017 15:47:49.325 INFO [Thread-6] stockTicker.Stock.run Time: Fri Mar 31 15:47:49 IST 2017, Price: 105
31-Mar-2017 15:47:51.325 INFO [Thread-6] stockTicker.Stock.run Time: Fri Mar 31 15:47:51 IST 2017, Price: 96
31-Mar-2017 15:47:53.325 INFO [Thread-6] stockTicker.Stock.run Time: Fri Mar 31 15:47:53 IST 2017, Price: 97
31-Mar-2017 15:47:55.326 INFO [Thread-6] stockTicker.Stock.run Time: Fri Mar 31 15:47:55 IST 2017, Price: 106
31-Mar-2017 15:47:57.326 INFO [Thread-6] stockTicker.Stock.run Time: Fri Mar 31 15:47:57 IST 2017, Price: 97
31-Mar-2017 15:47:59.327 INFO [Thread-6] stockTicker.Stock.run Time: Fri Mar 31 15:47:59 IST 2017, Price: 105
31-Mar-2017 15:48:01.327 INFO [Thread-6] stockTicker.Stock.run Time: Fri Mar 31 15:48:01 IST 2017, Price: 107
31-Mar-2017 15:48:03.328 INFO [Thread-6] stockTicker.Stock.run Time: Fri Mar 31 15:48:03 IST 2017, Price: 90
31-Mar-2017 15:48:05.328 INFO [Thread-6] stockTicker.Stock.run Time: Fri Mar 31 15:48:05 IST 2017, Price: 96
31-Mar-2017 15:48:07.329 INFO [Thread-6] stockTicker.Stock.run Time: Fri Mar 31 15:48:07 IST 2017, Price: 97
31-Mar-2017 15:48:09.329 INFO [Thread-6] stockTicker.Stock.run Time: Fri Mar 31 15:48:09 IST 2017, Price: 105
31-Mar-2017 15:48:11.329 INFO [Thread-6] stockTicker.Stock.run Time: Fri Mar 31 15:48:11 IST 2017, Price: 106
31-Mar-2017 15:48:13.330 INFO [Thread-6] stockTicker.Stock.run Time: Fri Mar 31 15:48:13 IST 2017, Price: 107
31-Mar-2017 15:48:15.330 INFO [Thread-6] stockTicker.Stock.run Time: Fri Mar 31 15:48:15 IST 2017, Price: 94
31-Mar-2017 15:48:17.331 INFO [Thread-6] stockTicker.Stock.run Time: Fri Mar 31 15:48:17 IST 2017, Price: 103
31-Mar-2017 15:48:19.331 INFO [Thread-6] stockTicker.Stock.run Time: Fri Mar 31 15:48:19 IST 2017, Price: 97
31-Mar-2017 15:48:21.332 INFO [Thread-6] stockTicker.Stock.run Time: Fri Mar 31 15:48:21 IST 2017, Price: 95
31-Mar-2017 15:48:23.332 INFO [Thread-6] stockTicker.Stock.run Time: Fri Mar 31 15:48:23 IST 2017, Price: 106
31-Mar-2017 15:48:25.332 INFO [Thread-6] stockTicker.Stock.run Time: Fri Mar 31 15:48:25 IST 2017, Price: 90
31-Mar-2017 15:48:27.333 INFO [Thread-6] stockTicker.Stock.run Time: Fri Mar 31 15:48:27 IST 2017, Price: 92
31-Mar-2017 15:48:29.333 INFO [Thread-6] stockTicker.Stock.run Time: Fri Mar 31 15:48:29 IST 2017, Price: 91
31-Mar-2017 15:48:31.334 INFO [Thread-6] stockTicker.Stock.run Time: Fri Mar 31 15:48:31 IST 2017, Price: 108
31-Mar-2017 15:48:33.334 INFO [Thread-6] stockTicker.Stock.run Time: Fri Mar 31 15:48:33 IST 2017, Price: 91
31-Mar-2017 15:48:35.334 INFO [Thread-6] stockTicker.Stock.run Time: Fri Mar 31 15:48:35 IST 2017, Price: 92
31-Mar-2017 15:48:37.335 INFO [Thread-6] stockTicker.Stock.run Time: Fri Mar 31 15:48:37 IST 2017, Price: 101
31-Mar-2017 15:48:39.335 INFO [Thread-6] stockTicker.Stock.run Time: Fri Mar 31 15:48:39 IST 2017, Price: 101
31-Mar-2017 15:48:41.336 INFO [Thread-6] stockTicker.Stock.run Time: Fri Mar 31 15:48:41 IST 2017, Price: 95
31-Mar-2017 15:48:43.336 INFO [Thread-6] stockTicker.Stock.run Time: Fri Mar 31 15:48:43 IST 2017, Price: 109
31-Mar-2017 15:48:45.336 INFO [Thread-6] stockTicker.Stock.run Time: Fri Mar 31 15:48:45 IST 2017, Price: 108
31-Mar-2017 15:48:47.337 INFO [Thread-6] stockTicker.Stock.run Time: Fri Mar 31 15:48:47 IST 2017, Price: 103
31-Mar-2017 15:48:49.337 INFO [Thread-6] stockTicker.Stock.run Time: Fri Mar 31 15:48:49 IST 2017, Price: 95
31-Mar-2017 15:48:51.338 INFO [Thread-6] stockTicker.Stock.run Time: Fri Mar 31 15:48:51 IST 2017, Price: 94
31-Mar-2017 15:48:53.338 INFO [Thread-6] stockTicker.Stock.run Time: Fri Mar 31 15:48:53 IST 2017, Price: 105
31-Mar-2017 15:48:55.338 INFO [Thread-6] stockTicker.Stock.run Time: Fri Mar 31 15:48:55 IST 2017, Price: 91
31-Mar-2017 15:48:57.339 INFO [Thread-6] stockTicker.Stock.run Time: Fri Mar 31 15:48:57 IST 2017, Price: 90
31-Mar-2017 15:48:59.339 INFO [Thread-6] stockTicker.Stock.run Time: Fri Mar 31 15:48:59 IST 2017, Price: 94
31-Mar-2017 15:49:01.340 INFO [Thread-6] stockTicker.Stock.run Time: Fri Mar 31 15:49:01 IST 2017, Price: 94
31-Mar-2017 15:49:03.340 INFO [Thread-6] stockTicker.Stock.run Time: Fri Mar 31 15:49:03 IST 2017, Price: 105
31-Mar-2017 15:49:05.341 INFO [Thread-6] stockTicker.Stock.run Time: Fri Mar 31 15:49:05 IST 2017, Price: 104
31-Mar-2017 15:49:07.341 INFO [Thread-6] stockTicker.Stock.run Time: Fri Mar 31 15:49:07 IST 2017, Price: 92
31-Mar-2017 15:49:09.341 INFO [Thread-6] stockTicker.Stock.run Time: Fri Mar 31 15:49:09 IST 2017, Price: 95
31-Mar-2017 15:49:11.342 INFO [Thread-6] stockTicker.Stock.run Time: Fri Mar 31 15:49:11 IST 2017, Price: 96
31-Mar-2017 15:49:13.342 INFO [Thread-6] stockTicker.Stock.run Time: Fri Mar 31 15:49:13 IST 2017, Price: 98
31-Mar-2017 15:49:15.343 INFO [Thread-6] stockTicker.Stock.run Time: Fri Mar 31 15:49:15 IST 2017, Price: 91
31-Mar-2017 15:49:17.343 INFO [Thread-6] stockTicker.Stock.run Time: Fri Mar 31 15:49:17 IST 2017, Price: 92
31-Mar-2017 15:49:19.344 INFO [Thread-6] stockTicker.Stock.run Time: Fri Mar 31 15:49:19 IST 2017, Price: 101
31-Mar-2017 15:49:21.344 INFO [Thread-6] stockTicker.Stock.run Time: Fri Mar 31 15:49:21 IST 2017, Price: 97
31-Mar-2017 15:49:23.345 INFO [Thread-6] stockTicker.Stock.run Time: Fri Mar 31 15:49:23 IST 2017, Price: 96
31-Mar-2017 15:49:25.345 INFO [Thread-6] stockTicker.Stock.run Time: Fri Mar 31 15:49:25 IST 2017, Price: 100
31-Mar-2017 15:49:27.346 INFO [Thread-6] stockTicker.Stock.run Time: Fri Mar 31 15:49:27 IST 2017, Price: 100
31-Mar-2017 15:49:29.346 INFO [Thread-6] stockTicker.Stock.run Time: Fri Mar 31 15:49:29 IST 2017, Price: 103
31-Mar-2017 15:49:31.346 INFO [Thread-6] stockTicker.Stock.run Time: Fri Mar 31 15:49:31 IST 2017, Price: 104
31-Mar-2017 15:49:33.347 INFO [Thread-6] stockTicker.Stock.run Time: Fri Mar 31 15:49:33 IST 2017, Price: 109
31-Mar-2017 15:49:35.347 INFO [Thread-6] stockTicker.Stock.run Time: Fri Mar 31 15:49:35 IST 2017, Price: 103
31-Mar-2017 15:49:37.348 INFO [Thread-6] stockTicker.Stock.run Time: Fri Mar 31 15:49:37 IST 2017, Price: 94
31-Mar-2017 15:49:39.348 INFO [Thread-6] stockTicker.Stock.run Time: Fri Mar 31 15:49:39 IST 2017, Price: 103
31-Mar-2017 15:49:41.349 INFO [Thread-6] stockTicker.Stock.run Time: Fri Mar 31 15:49:41 IST 2017, Price: 96
31-Mar-2017 15:49:43.349 INFO [Thread-6] stockTicker.Stock.run Time: Fri Mar 31 15:49:43 IST 2017, Price: 92
31-Mar-2017 15:49:45.349 INFO [Thread-6] stockTicker.Stock.run Time: Fri Mar 31 15:49:45 IST 2017, Price: 95
31-Mar-2017 15:49:47.350 INFO [Thread-6] stockTicker.Stock.run Time: Fri Mar 31 15:49:47 IST 2017, Price: 107
31-Mar-2017 15:49:49.350 INFO [Thread-6] stockTicker.Stock.run Time: Fri Mar 31 15:49:49 IST 2017, Price: 108
31-Mar-2017 15:49:51.351 INFO [Thread-6] stockTicker.Stock.run Time: Fri Mar 31 15:49:51 IST 2017, Price: 97
31-Mar-2017 15:49:53.351 INFO [Thread-6] stockTicker.Stock.run Time: Fri Mar 31 15:49:53 IST 2017, Price: 101
31-Mar-2017 15:49:55.351 INFO [Thread-6] stockTicker.Stock.run Time: Fri Mar 31 15:49:55 IST 2017, Price: 103
31-Mar-2017 15:49:57.352 INFO [Thread-6] stockTicker.Stock.run Time: Fri Mar 31 15:49:57 IST 2017, Price: 95
31-Mar-2017 15:49:59.352 INFO [Thread-6] stockTicker.Stock.run Time: Fri Mar 31 15:49:59 IST 2017, Price: 103
31-Mar-2017 15:50:01.353 INFO [Thread-6] stockTicker.Stock.run Time: Fri Mar 31 15:50:01 IST 2017, Price: 108
31-Mar-2017 15:50:03.353 INFO [Thread-6] stockTicker.Stock.run Time: Fri Mar 31 15:50:03 IST 2017, Price: 91
31-Mar-2017 15:50:05.353 INFO [Thread-6] stockTicker.Stock.run Time: Fri Mar 31 15:50:05 IST 2017, Price: 93
31-Mar-2017 15:50:07.354 INFO [Thread-6] stockTicker.Stock.run Time: Fri Mar 31 15:50:07 IST 2017, Price: 95
31-Mar-2017 15:50:09.354 INFO [Thread-6] stockTicker.Stock.run Time: Fri Mar 31 15:50:09 IST 2017, Price: 97
31-Mar-2017 15:50:11.355 INFO [Thread-6] stockTicker.Stock.run Time: Fri Mar 31 15:50:11 IST 2017, Price: 93
31-Mar-2017 15:50:13.355 INFO [Thread-6] stockTicker.Stock.run Time: Fri Mar 31 15:50:13 IST 2017, Price: 102
31-Mar-2017 15:50:15.355 INFO [Thread-6] stockTicker.Stock.run Time: Fri Mar 31 15:50:15 IST 2017, Price: 100
31-Mar-2017 15:50:17.356 INFO [Thread-6] stockTicker.Stock.run Time: Fri Mar 31 15:50:17 IST 2017, Price: 90
31-Mar-2017 15:50:19.356 INFO [Thread-6] stockTicker.Stock.run Time: Fri Mar 31 15:50:19 IST 2017, Price: 94
31-Mar-2017 15:50:21.357 INFO [Thread-6] stockTicker.Stock.run Time: Fri Mar 31 15:50:21 IST 2017, Price: 91
31-Mar-2017 15:50:23.357 INFO [Thread-6] stockTicker.Stock.run Time: Fri Mar 31 15:50:23 IST 2017, Price: 103
31-Mar-2017 15:50:25.357 INFO [Thread-6] stockTicker.Stock.run Time: Fri Mar 31 15:50:25 IST 2017, Price: 100
31-Mar-2017 15:50:27.358 INFO [Thread-6] stockTicker.Stock.run Time: Fri Mar 31 15:50:27 IST 2017, Price: 107
31-Mar-2017 15:50:29.358 INFO [Thread-6] stockTicker.Stock.run Time: Fri Mar 31 15:50:29 IST 2017, Price: 105
31-Mar-2017 15:50:31.359 INFO [Thread-6] stockTicker.Stock.run Time: Fri Mar 31 15:50:31 IST 2017, Price: 102
31-Mar-2017 15:50:33.359 INFO [Thread-6] stockTicker.Stock.run Time: Fri Mar 31 15:50:33 IST 2017, Price: 107
31-Mar-2017 15:50:35.359 INFO [Thread-6] stockTicker.Stock.run Time: Fri Mar 31 15:50:35 IST 2017, Price: 108
31-Mar-2017 15:50:37.360 INFO [Thread-6] stockTicker.Stock.run Time: Fri Mar 31 15:50:37 IST 2017, Price: 98
31-Mar-2017 15:50:39.360 INFO [Thread-6] stockTicker.Stock.run Time: Fri Mar 31 15:50:39 IST 2017, Price: 105
31-Mar-2017 15:50:41.361 INFO [Thread-6] stockTicker.Stock.run Time: Fri Mar 31 15:50:41 IST 2017, Price: 102
31-Mar-2017 15:50:43.361 INFO [Thread-6] stockTicker.Stock.run Time: Fri Mar 31 15:50:43 IST 2017, Price: 102
31-Mar-2017 15:50:45.361 INFO [Thread-6] stockTicker.Stock.run Time: Fri Mar 31 15:50:45 IST 2017, Price: 108
31-Mar-2017 15:50:47.362 INFO [Thread-6] stockTicker.Stock.run Time: Fri Mar 31 15:50:47 IST 2017, Price: 95
31-Mar-2017 15:50:49.362 INFO [Thread-6] stockTicker.Stock.run Time: Fri Mar 31 15:50:49 IST 2017, Price: 106
31-Mar-2017 15:50:51.362 INFO [Thread-6] stockTicker.Stock.run Time: Fri Mar 31 15:50:51 IST 2017, Price: 106
31-Mar-2017 15:50:53.363 INFO [Thread-6] stockTicker.Stock.run Time: Fri Mar 31 15:50:53 IST 2017, Price: 92
31-Mar-2017 15:50:55.363 INFO [Thread-6] stockTicker.Stock.run Time: Fri Mar 31 15:50:55 IST 2017, Price: 99
31-Mar-2017 15:50:57.364 INFO [Thread-6] stockTicker.Stock.run Time: Fri Mar 31 15:50:57 IST 2017, Price: 102
31-Mar-2017 15:50:59.364 INFO [Thread-6] stockTicker.Stock.run Time: Fri Mar 31 15:50:59 IST 2017, Price: 97
31-Mar-2017 15:51:01.364 INFO [Thread-6] stockTicker.Stock.run Time: Fri Mar 31 15:51:01 IST 2017, Price: 96
31-Mar-2017 15:51:03.365 INFO [Thread-6] stockTicker.Stock.run Time: Fri Mar 31 15:51:03 IST 2017, Price: 99
31-Mar-2017 15:51:05.365 INFO [Thread-6] stockTicker.Stock.run Time: Fri Mar 31 15:51:05 IST 2017, Price: 103
31-Mar-2017 15:51:07.366 INFO [Thread-6] stockTicker.Stock.run Time: Fri Mar 31 15:51:07 IST 2017, Price: 107
31-Mar-2017 15:51:09.366 INFO [Thread-6] stockTicker.Stock.run Time: Fri Mar 31 15:51:09 IST 2017, Price: 94
31-Mar-2017 15:51:11.366 INFO [Thread-6] stockTicker.Stock.run Time: Fri Mar 31 15:51:11 IST 2017, Price: 97
31-Mar-2017 15:51:13.367 INFO [Thread-6] stockTicker.Stock.run Time: Fri Mar 31 15:51:13 IST 2017, Price: 109
31-Mar-2017 15:51:15.367 INFO [Thread-6] stockTicker.Stock.run Time: Fri Mar 31 15:51:15 IST 2017, Price: 96
31-Mar-2017 15:51:17.368 INFO [Thread-6] stockTicker.Stock.run Time: Fri Mar 31 15:51:17 IST 2017, Price: 97
31-Mar-2017 15:51:19.368 INFO [Thread-6] stockTicker.Stock.run Time: Fri Mar 31 15:51:19 IST 2017, Price: 95
31-Mar-2017 15:51:21.368 INFO [Thread-6] stockTicker.Stock.run Time: Fri Mar 31 15:51:21 IST 2017, Price: 91
31-Mar-2017 15:51:23.369 INFO [Thread-6] stockTicker.Stock.run Time: Fri Mar 31 15:51:23 IST 2017, Price: 97
31-Mar-2017 15:51:25.369 INFO [Thread-6] stockTicker.Stock.run Time: Fri Mar 31 15:51:25 IST 2017, Price: 101
31-Mar-2017 15:51:27.370 INFO [Thread-6] stockTicker.Stock.run Time: Fri Mar 31 15:51:27 IST 2017, Price: 107
31-Mar-2017 15:51:29.370 INFO [Thread-6] stockTicker.Stock.run Time: Fri Mar 31 15:51:29 IST 2017, Price: 91
31-Mar-2017 15:51:31.370 INFO [Thread-6] stockTicker.Stock.run Time: Fri Mar 31 15:51:31 IST 2017, Price: 106
31-Mar-2017 15:51:33.371 INFO [Thread-6] stockTicker.Stock.run Time: Fri Mar 31 15:51:33 IST 2017, Price: 91
31-Mar-2017 15:51:35.371 INFO [Thread-6] stockTicker.Stock.run Time: Fri Mar 31 15:51:35 IST 2017, Price: 90
31-Mar-2017 15:51:37.372 INFO [Thread-6] stockTicker.Stock.run Time: Fri Mar 31 15:51:37 IST 2017, Price: 98
31-Mar-2017 15:51:39.372 INFO [Thread-6] stockTicker.Stock.run Time: Fri Mar 31 15:51:39 IST 2017, Price: 92
31-Mar-2017 15:51:41.372 INFO [Thread-6] stockTicker.Stock.run Time: Fri Mar 31 15:51:41 IST 2017, Price: 99
31-Mar-2017 15:51:43.373 INFO [Thread-6] stockTicker.Stock.run Time: Fri Mar 31 15:51:43 IST 2017, Price: 106
31-Mar-2017 15:51:45.373 INFO [Thread-6] stockTicker.Stock.run Time: Fri Mar 31 15:51:45 IST 2017, Price: 91
31-Mar-2017 15:51:47.373 INFO [Thread-6] stockTicker.Stock.run Time: Fri Mar 31 15:51:47 IST 2017, Price: 90
31-Mar-2017 15:51:49.374 INFO [Thread-6] stockTicker.Stock.run Time: Fri Mar 31 15:51:49 IST 2017, Price: 99
31-Mar-2017 15:51:51.374 INFO [Thread-6] stockTicker.Stock.run Time: Fri Mar 31 15:51:51 IST 2017, Price: 101
31-Mar-2017 15:51:53.375 INFO [Thread-6] stockTicker.Stock.run Time: Fri Mar 31 15:51:53 IST 2017, Price: 94
31-Mar-2017 15:51:55.375 INFO [Thread-6] stockTicker.Stock.run Time: Fri Mar 31 15:51:55 IST 2017, Price: 93
31-Mar-2017 15:51:57.375 INFO [Thread-6] stockTicker.Stock.run Time: Fri Mar 31 15:51:57 IST 2017, Price: 97
31-Mar-2017 15:51:59.376 INFO [Thread-6] stockTicker.Stock.run Time: Fri Mar 31 15:51:59 IST 2017, Price: 94
31-Mar-2017 15:52:01.376 INFO [Thread-6] stockTicker.Stock.run Time: Fri Mar 31 15:52:01 IST 2017, Price: 105
31-Mar-2017 15:52:03.376 INFO [Thread-6] stockTicker.Stock.run Time: Fri Mar 31 15:52:03 IST 2017, Price: 101
31-Mar-2017 15:52:05.377 INFO [Thread-6] stockTicker.Stock.run Time: Fri Mar 31 15:52:05 IST 2017, Price: 92
31-Mar-2017 15:52:07.377 INFO [Thread-6] stockTicker.Stock.run Time: Fri Mar 31 15:52:07 IST 2017, Price: 104
31-Mar-2017 15:52:09.377 INFO [Thread-6] stockTicker.Stock.run Time: Fri Mar 31 15:52:09 IST 2017, Price: 95
31-Mar-2017 15:52:11.378 INFO [Thread-6] stockTicker.Stock.run Time: Fri Mar 31 15:52:11 IST 2017, Price: 108
31-Mar-2017 15:52:13.378 INFO [Thread-6] stockTicker.Stock.run Time: Fri Mar 31 15:52:13 IST 2017, Price: 104
31-Mar-2017 15:52:15.379 INFO [Thread-6] stockTicker.Stock.run Time: Fri Mar 31 15:52:15 IST 2017, Price: 93
31-Mar-2017 15:52:17.379 INFO [Thread-6] stockTicker.Stock.run Time: Fri Mar 31 15:52:17 IST 2017, Price: 106
31-Mar-2017 15:52:19.379 INFO [Thread-6] stockTicker.Stock.run Time: Fri Mar 31 15:52:19 IST 2017, Price: 102
31-Mar-2017 15:52:21.380 INFO [Thread-6] stockTicker.Stock.run Time: Fri Mar 31 15:52:21 IST 2017, Price: 96
31-Mar-2017 15:52:23.380 INFO [Thread-6] stockTicker.Stock.run Time: Fri Mar 31 15:52:23 IST 2017, Price: 107
31-Mar-2017 15:52:25.380 INFO [Thread-6] stockTicker.Stock.run Time: Fri Mar 31 15:52:25 IST 2017, Price: 103
31-Mar-2017 15:52:27.381 INFO [Thread-6] stockTicker.Stock.run Time: Fri Mar 31 15:52:27 IST 2017, Price: 91
31-Mar-2017 15:52:29.381 INFO [Thread-6] stockTicker.Stock.run Time: Fri Mar 31 15:52:29 IST 2017, Price: 105
31-Mar-2017 15:52:31.382 INFO [Thread-6] stockTicker.Stock.run Time: Fri Mar 31 15:52:31 IST 2017, Price: 97
31-Mar-2017 15:52:33.382 INFO [Thread-6] stockTicker.Stock.run Time: Fri Mar 31 15:52:33 IST 2017, Price: 91
31-Mar-2017 15:52:35.382 INFO [Thread-6] stockTicker.Stock.run Time: Fri Mar 31 15:52:35 IST 2017, Price: 104
31-Mar-2017 15:52:37.383 INFO [Thread-6] stockTicker.Stock.run Time: Fri Mar 31 15:52:37 IST 2017, Price: 98
31-Mar-2017 15:52:39.383 INFO [Thread-6] stockTicker.Stock.run Time: Fri Mar 31 15:52:39 IST 2017, Price: 90
31-Mar-2017 15:52:41.383 INFO [Thread-6] stockTicker.Stock.run Time: Fri Mar 31 15:52:41 IST 2017, Price: 93
31-Mar-2017 15:52:43.384 INFO [Thread-6] stockTicker.Stock.run Time: Fri Mar 31 15:52:43 IST 2017, Price: 96
31-Mar-2017 15:52:45.384 INFO [Thread-6] stockTicker.Stock.run Time: Fri Mar 31 15:52:45 IST 2017, Price: 91
31-Mar-2017 15:52:47.385 INFO [Thread-6] stockTicker.Stock.run Time: Fri Mar 31 15:52:47 IST 2017, Price: 90
31-Mar-2017 15:52:49.385 INFO [Thread-6] stockTicker.Stock.run Time: Fri Mar 31 15:52:49 IST 2017, Price: 99
31-Mar-2017 15:52:51.385 INFO [Thread-6] stockTicker.Stock.run Time: Fri Mar 31 15:52:51 IST 2017, Price: 99
31-Mar-2017 15:52:53.385 INFO [Thread-6] stockTicker.Stock.run Time: Fri Mar 31 15:52:53 IST 2017, Price: 91
31-Mar-2017 15:52:53.797 INFO [ContainerBackgroundProcessor[StandardEngine[Catalina]]] org.apache.catalina.startup.HostConfig.undeploy Undeploying context [/Address_Book]
31-Mar-2017 15:52:53.805 WARNING [ContainerBackgroundProcessor[StandardEngine[Catalina]]] org.apache.catalina.loader.WebappClassLoaderBase.clearReferencesJdbc JDBC driver de-registration failed for web application [Address_Book]
 java.lang.NullPointerException
	at org.apache.catalina.loader.WebappClassLoaderBase.clearReferencesJdbc(WebappClassLoaderBase.java:1579)
	at org.apache.catalina.loader.WebappClassLoaderBase.clearReferences(WebappClassLoaderBase.java:1525)
	at org.apache.catalina.loader.WebappClassLoaderBase.stop(WebappClassLoaderBase.java:1477)
	at org.apache.catalina.loader.WebappLoader.stopInternal(WebappLoader.java:447)
	at org.apache.catalina.util.LifecycleBase.stop(LifecycleBase.java:226)
	at org.apache.catalina.core.StandardContext.stopInternal(StandardContext.java:5474)
	at org.apache.catalina.util.LifecycleBase.stop(LifecycleBase.java:226)
	at org.apache.catalina.core.ContainerBase.removeChild(ContainerBase.java:843)
	at org.apache.catalina.startup.HostConfig.undeploy(HostConfig.java:1400)
	at org.apache.catalina.startup.HostConfig.checkResources(HostConfig.java:1326)
	at org.apache.catalina.startup.HostConfig.check(HostConfig.java:1586)
	at org.apache.catalina.startup.HostConfig.lifecycleEvent(HostConfig.java:280)
	at org.apache.catalina.util.LifecycleBase.fireLifecycleEvent(LifecycleBase.java:94)
	at org.apache.catalina.core.ContainerBase.backgroundProcess(ContainerBase.java:1164)
	at org.apache.catalina.core.ContainerBase$ContainerBackgroundProcessor.processChildren(ContainerBase.java:1388)
	at org.apache.catalina.core.ContainerBase$ContainerBackgroundProcessor.processChildren(ContainerBase.java:1392)
	at org.apache.catalina.core.ContainerBase$ContainerBackgroundProcessor.run(ContainerBase.java:1360)
	at java.lang.Thread.run(Thread.java:745)

31-Mar-2017 15:52:54.328 INFO [ContainerBackgroundProcessor[StandardEngine[Catalina]]] org.apache.catalina.startup.HostConfig.undeploy Undeploying context []
31-Mar-2017 15:52:54.330 WARNING [ContainerBackgroundProcessor[StandardEngine[Catalina]]] org.apache.catalina.loader.WebappClassLoaderBase.clearReferencesJdbc JDBC driver de-registration failed for web application [ROOT]
 java.lang.NullPointerException
	at org.apache.catalina.loader.WebappClassLoaderBase.clearReferencesJdbc(WebappClassLoaderBase.java:1579)
	at org.apache.catalina.loader.WebappClassLoaderBase.clearReferences(WebappClassLoaderBase.java:1525)
	at org.apache.catalina.loader.WebappClassLoaderBase.stop(WebappClassLoaderBase.java:1477)
	at org.apache.catalina.loader.WebappLoader.stopInternal(WebappLoader.java:447)
	at org.apache.catalina.util.LifecycleBase.stop(LifecycleBase.java:226)
	at org.apache.catalina.core.StandardContext.stopInternal(StandardContext.java:5474)
	at org.apache.catalina.util.LifecycleBase.stop(LifecycleBase.java:226)
	at org.apache.catalina.core.ContainerBase.removeChild(ContainerBase.java:843)
	at org.apache.catalina.startup.HostConfig.undeploy(HostConfig.java:1400)
	at org.apache.catalina.startup.HostConfig.checkResources(HostConfig.java:1326)
	at org.apache.catalina.startup.HostConfig.check(HostConfig.java:1586)
	at org.apache.catalina.startup.HostConfig.lifecycleEvent(HostConfig.java:280)
	at org.apache.catalina.util.LifecycleBase.fireLifecycleEvent(LifecycleBase.java:94)
	at org.apache.catalina.core.ContainerBase.backgroundProcess(ContainerBase.java:1164)
	at org.apache.catalina.core.ContainerBase$ContainerBackgroundProcessor.processChildren(ContainerBase.java:1388)
	at org.apache.catalina.core.ContainerBase$ContainerBackgroundProcessor.processChildren(ContainerBase.java:1392)
	at org.apache.catalina.core.ContainerBase$ContainerBackgroundProcessor.run(ContainerBase.java:1360)
	at java.lang.Thread.run(Thread.java:745)

31-Mar-2017 15:52:54.833 INFO [ContainerBackgroundProcessor[StandardEngine[Catalina]]] org.apache.catalina.startup.HostConfig.undeploy Undeploying context [/StockTicker]
31-Mar-2017 15:52:55.386 INFO [Thread-6] stockTicker.Stock.run Time: Fri Mar 31 15:52:55 IST 2017, Price: 104
31-Mar-2017 15:52:56.938 INFO [ContainerBackgroundProcessor[StandardEngine[Catalina]]] stockTicker.PriceUpdate.destroy Stopped stock price updates
31-Mar-2017 15:52:56.947 WARNING [ContainerBackgroundProcessor[StandardEngine[Catalina]]] org.apache.catalina.loader.WebappClassLoaderBase.clearReferencesJdbc JDBC driver de-registration failed for web application [StockTicker]
 java.lang.NullPointerException
	at org.apache.catalina.loader.WebappClassLoaderBase.clearReferencesJdbc(WebappClassLoaderBase.java:1579)
	at org.apache.catalina.loader.WebappClassLoaderBase.clearReferences(WebappClassLoaderBase.java:1525)
	at org.apache.catalina.loader.WebappClassLoaderBase.stop(WebappClassLoaderBase.java:1477)
	at org.apache.catalina.loader.WebappLoader.stopInternal(WebappLoader.java:447)
	at org.apache.catalina.util.LifecycleBase.stop(LifecycleBase.java:226)
	at org.apache.catalina.core.StandardContext.stopInternal(StandardContext.java:5474)
	at org.apache.catalina.util.LifecycleBase.stop(LifecycleBase.java:226)
	at org.apache.catalina.core.ContainerBase.removeChild(ContainerBase.java:843)
	at org.apache.catalina.startup.HostConfig.undeploy(HostConfig.java:1400)
	at org.apache.catalina.startup.HostConfig.checkResources(HostConfig.java:1326)
	at org.apache.catalina.startup.HostConfig.check(HostConfig.java:1586)
	at org.apache.catalina.startup.HostConfig.lifecycleEvent(HostConfig.java:280)
	at org.apache.catalina.util.LifecycleBase.fireLifecycleEvent(LifecycleBase.java:94)
	at org.apache.catalina.core.ContainerBase.backgroundProcess(ContainerBase.java:1164)
	at org.apache.catalina.core.ContainerBase$ContainerBackgroundProcessor.processChildren(ContainerBase.java:1388)
	at org.apache.catalina.core.ContainerBase$ContainerBackgroundProcessor.processChildren(ContainerBase.java:1392)
	at org.apache.catalina.core.ContainerBase$ContainerBackgroundProcessor.run(ContainerBase.java:1360)
	at java.lang.Thread.run(Thread.java:745)

31-Mar-2017 15:52:56.948 WARNING [ContainerBackgroundProcessor[StandardEngine[Catalina]]] org.apache.catalina.loader.WebappClassLoaderBase.clearReferencesThreads The web application [StockTicker] is still processing a request that has yet to finish. This is very likely to create a memory leak. You can control the time allowed for requests to finish by using the unloadDelay attribute of the standard Context implementation. Stack trace of request processing thread:
 java.lang.Object.wait(Native Method)
 java.lang.Object.wait(Object.java:502)
 stockTicker.PriceUpdate.doGet(PriceUpdate.java:31)
 javax.servlet.http.HttpServlet.service(HttpServlet.java:635)
 javax.servlet.http.HttpServlet.service(HttpServlet.java:742)
 org.apache.catalina.core.ApplicationFilterChain.internalDoFilter(ApplicationFilterChain.java:230)
 org.apache.catalina.core.ApplicationFilterChain.doFilter(ApplicationFilterChain.java:165)
 org.apache.tomcat.websocket.server.WsFilter.doFilter(WsFilter.java:52)
 org.apache.catalina.core.ApplicationFilterChain.internalDoFilter(ApplicationFilterChain.java:192)
 org.apache.catalina.core.ApplicationFilterChain.doFilter(ApplicationFilterChain.java:165)
 org.apache.catalina.core.StandardWrapperValve.invoke(StandardWrapperValve.java:198)
 org.apache.catalina.core.StandardContextValve.invoke(StandardContextValve.java:96)
 org.apache.catalina.authenticator.AuthenticatorBase.invoke(AuthenticatorBase.java:478)
 org.apache.catalina.core.StandardHostValve.invoke(StandardHostValve.java:140)
 org.apache.catalina.valves.ErrorReportValve.invoke(ErrorReportValve.java:80)
 org.apache.catalina.valves.AbstractAccessLogValve.invoke(AbstractAccessLogValve.java:624)
 org.apache.catalina.core.StandardEngineValve.invoke(StandardEngineValve.java:87)
 org.apache.catalina.connector.CoyoteAdapter.service(CoyoteAdapter.java:341)
 org.apache.coyote.http11.Http11Processor.service(Http11Processor.java:783)
 org.apache.coyote.AbstractProcessorLight.process(AbstractProcessorLight.java:66)
 org.apache.coyote.AbstractProtocol$ConnectionHandler.process(AbstractProtocol.java:798)
 org.apache.tomcat.util.net.NioEndpoint$SocketProcessor.doRun(NioEndpoint.java:1441)
 org.apache.tomcat.util.net.SocketProcessorBase.run(SocketProcessorBase.java:49)
 java.util.concurrent.ThreadPoolExecutor.runWorker(ThreadPoolExecutor.java:1142)
 java.util.concurrent.ThreadPoolExecutor$Worker.run(ThreadPoolExecutor.java:617)
 org.apache.tomcat.util.threads.TaskThread$WrappingRunnable.run(TaskThread.java:61)
 java.lang.Thread.run(Thread.java:745)
31-Mar-2017 15:52:57.449 INFO [ContainerBackgroundProcessor[StandardEngine[Catalina]]] org.apache.catalina.startup.HostConfig.undeploy Undeploying context [/examples]
31-Mar-2017 15:52:57.464 WARNING [ContainerBackgroundProcessor[StandardEngine[Catalina]]] org.apache.catalina.loader.WebappClassLoaderBase.clearReferencesJdbc JDBC driver de-registration failed for web application [examples]
 java.lang.IllegalStateException: java.io.FileNotFoundException: /home/e13175/Desktop/GitHub/COMLabs/SEMESTER5/CO322/tomcat/apache-tomcat-8.5.12/webapps/examples/WEB-INF/lib/taglibs-standard-spec-1.2.5.jar (No such file or directory)
	at org.apache.catalina.webresources.AbstractSingleArchiveResourceSet.getArchiveEntry(AbstractSingleArchiveResourceSet.java:97)
	at org.apache.catalina.webresources.AbstractArchiveResourceSet.getResource(AbstractArchiveResourceSet.java:260)
	at org.apache.catalina.webresources.StandardRoot.getResourceInternal(StandardRoot.java:281)
	at org.apache.catalina.webresources.Cache.getResource(Cache.java:62)
	at org.apache.catalina.webresources.StandardRoot.getResource(StandardRoot.java:216)
	at org.apache.catalina.webresources.StandardRoot.getClassLoaderResource(StandardRoot.java:225)
	at org.apache.catalina.loader.WebappClassLoaderBase.getResourceAsStream(WebappClassLoaderBase.java:1067)
	at org.apache.catalina.loader.WebappClassLoaderBase.clearReferencesJdbc(WebappClassLoaderBase.java:1577)
	at org.apache.catalina.loader.WebappClassLoaderBase.clearReferences(WebappClassLoaderBase.java:1525)
	at org.apache.catalina.loader.WebappClassLoaderBase.stop(WebappClassLoaderBase.java:1477)
	at org.apache.catalina.loader.WebappLoader.stopInternal(WebappLoader.java:447)
	at org.apache.catalina.util.LifecycleBase.stop(LifecycleBase.java:226)
	at org.apache.catalina.core.StandardContext.stopInternal(StandardContext.java:5474)
	at org.apache.catalina.util.LifecycleBase.stop(LifecycleBase.java:226)
	at org.apache.catalina.core.ContainerBase.removeChild(ContainerBase.java:843)
	at org.apache.catalina.startup.HostConfig.undeploy(HostConfig.java:1400)
	at org.apache.catalina.startup.HostConfig.checkResources(HostConfig.java:1326)
	at org.apache.catalina.startup.HostConfig.check(HostConfig.java:1586)
	at org.apache.catalina.startup.HostConfig.lifecycleEvent(HostConfig.java:280)
	at org.apache.catalina.util.LifecycleBase.fireLifecycleEvent(LifecycleBase.java:94)
	at org.apache.catalina.core.ContainerBase.backgroundProcess(ContainerBase.java:1164)
	at org.apache.catalina.core.ContainerBase$ContainerBackgroundProcessor.processChildren(ContainerBase.java:1388)
	at org.apache.catalina.core.ContainerBase$ContainerBackgroundProcessor.processChildren(ContainerBase.java:1392)
	at org.apache.catalina.core.ContainerBase$ContainerBackgroundProcessor.run(ContainerBase.java:1360)
	at java.lang.Thread.run(Thread.java:745)
Caused by: java.io.FileNotFoundException: /home/e13175/Desktop/GitHub/COMLabs/SEMESTER5/CO322/tomcat/apache-tomcat-8.5.12/webapps/examples/WEB-INF/lib/taglibs-standard-spec-1.2.5.jar (No such file or directory)
	at java.util.zip.ZipFile.open(Native Method)
	at java.util.zip.ZipFile.<init>(ZipFile.java:219)
	at java.util.zip.ZipFile.<init>(ZipFile.java:149)
	at java.util.jar.JarFile.<init>(JarFile.java:166)
	at java.util.jar.JarFile.<init>(JarFile.java:103)
	at org.apache.catalina.webresources.AbstractArchiveResourceSet.openJarFile(AbstractArchiveResourceSet.java:308)
	at org.apache.catalina.webresources.AbstractSingleArchiveResourceSet.getArchiveEntry(AbstractSingleArchiveResourceSet.java:93)
	... 24 more

31-Mar-2017 15:52:57.968 INFO [ContainerBackgroundProcessor[StandardEngine[Catalina]]] org.apache.catalina.startup.HostConfig.undeploy Undeploying context [/host-manager]
31-Mar-2017 15:52:57.971 WARNING [ContainerBackgroundProcessor[StandardEngine[Catalina]]] org.apache.catalina.loader.WebappClassLoaderBase.clearReferencesJdbc JDBC driver de-registration failed for web application [host-manager]
 java.lang.NullPointerException
	at org.apache.catalina.loader.WebappClassLoaderBase.clearReferencesJdbc(WebappClassLoaderBase.java:1579)
	at org.apache.catalina.loader.WebappClassLoaderBase.clearReferences(WebappClassLoaderBase.java:1525)
	at org.apache.catalina.loader.WebappClassLoaderBase.stop(WebappClassLoaderBase.java:1477)
	at org.apache.catalina.loader.WebappLoader.stopInternal(WebappLoader.java:447)
	at org.apache.catalina.util.LifecycleBase.stop(LifecycleBase.java:226)
	at org.apache.catalina.core.StandardContext.stopInternal(StandardContext.java:5474)
	at org.apache.catalina.util.LifecycleBase.stop(LifecycleBase.java:226)
	at org.apache.catalina.core.ContainerBase.removeChild(ContainerBase.java:843)
	at org.apache.catalina.startup.HostConfig.undeploy(HostConfig.java:1400)
	at org.apache.catalina.startup.HostConfig.checkResources(HostConfig.java:1326)
	at org.apache.catalina.startup.HostConfig.check(HostConfig.java:1586)
	at org.apache.catalina.startup.HostConfig.lifecycleEvent(HostConfig.java:280)
	at org.apache.catalina.util.LifecycleBase.fireLifecycleEvent(LifecycleBase.java:94)
	at org.apache.catalina.core.ContainerBase.backgroundProcess(ContainerBase.java:1164)
	at org.apache.catalina.core.ContainerBase$ContainerBackgroundProcessor.processChildren(ContainerBase.java:1388)
	at org.apache.catalina.core.ContainerBase$ContainerBackgroundProcessor.processChildren(ContainerBase.java:1392)
	at org.apache.catalina.core.ContainerBase$ContainerBackgroundProcessor.run(ContainerBase.java:1360)
	at java.lang.Thread.run(Thread.java:745)

31-Mar-2017 15:52:58.472 INFO [ContainerBackgroundProcessor[StandardEngine[Catalina]]] org.apache.catalina.startup.HostConfig.undeploy Undeploying context [/manager]
31-Mar-2017 15:52:58.475 WARNING [ContainerBackgroundProcessor[StandardEngine[Catalina]]] org.apache.catalina.loader.WebappClassLoaderBase.clearReferencesJdbc JDBC driver de-registration failed for web application [manager]
 java.lang.NullPointerException
	at org.apache.catalina.loader.WebappClassLoaderBase.clearReferencesJdbc(WebappClassLoaderBase.java:1579)
	at org.apache.catalina.loader.WebappClassLoaderBase.clearReferences(WebappClassLoaderBase.java:1525)
	at org.apache.catalina.loader.WebappClassLoaderBase.stop(WebappClassLoaderBase.java:1477)
	at org.apache.catalina.loader.WebappLoader.stopInternal(WebappLoader.java:447)
	at org.apache.catalina.util.LifecycleBase.stop(LifecycleBase.java:226)
	at org.apache.catalina.core.StandardContext.stopInternal(StandardContext.java:5474)
	at org.apache.catalina.util.LifecycleBase.stop(LifecycleBase.java:226)
	at org.apache.catalina.core.ContainerBase.removeChild(ContainerBase.java:843)
	at org.apache.catalina.startup.HostConfig.undeploy(HostConfig.java:1400)
	at org.apache.catalina.startup.HostConfig.checkResources(HostConfig.java:1326)
	at org.apache.catalina.startup.HostConfig.check(HostConfig.java:1586)
	at org.apache.catalina.startup.HostConfig.lifecycleEvent(HostConfig.java:280)
	at org.apache.catalina.util.LifecycleBase.fireLifecycleEvent(LifecycleBase.java:94)
	at org.apache.catalina.core.ContainerBase.backgroundProcess(ContainerBase.java:1164)
	at org.apache.catalina.core.ContainerBase$ContainerBackgroundProcessor.processChildren(ContainerBase.java:1388)
	at org.apache.catalina.core.ContainerBase$ContainerBackgroundProcessor.processChildren(ContainerBase.java:1392)
	at org.apache.catalina.core.ContainerBase$ContainerBackgroundProcessor.run(ContainerBase.java:1360)
	at java.lang.Thread.run(Thread.java:745)

31-Mar-2017 15:52:58.977 INFO [ContainerBackgroundProcessor[StandardEngine[Catalina]]] org.apache.catalina.startup.HostConfig.undeploy Undeploying context [/docs]
31-Mar-2017 15:52:58.980 WARNING [ContainerBackgroundProcessor[StandardEngine[Catalina]]] org.apache.catalina.loader.WebappClassLoaderBase.clearReferencesJdbc JDBC driver de-registration failed for web application [docs]
 java.lang.NullPointerException
	at org.apache.catalina.loader.WebappClassLoaderBase.clearReferencesJdbc(WebappClassLoaderBase.java:1579)
	at org.apache.catalina.loader.WebappClassLoaderBase.clearReferences(WebappClassLoaderBase.java:1525)
	at org.apache.catalina.loader.WebappClassLoaderBase.stop(WebappClassLoaderBase.java:1477)
	at org.apache.catalina.loader.WebappLoader.stopInternal(WebappLoader.java:447)
	at org.apache.catalina.util.LifecycleBase.stop(LifecycleBase.java:226)
	at org.apache.catalina.core.StandardContext.stopInternal(StandardContext.java:5474)
	at org.apache.catalina.util.LifecycleBase.stop(LifecycleBase.java:226)
	at org.apache.catalina.core.ContainerBase.removeChild(ContainerBase.java:843)
	at org.apache.catalina.startup.HostConfig.undeploy(HostConfig.java:1400)
	at org.apache.catalina.startup.HostConfig.checkResources(HostConfig.java:1326)
	at org.apache.catalina.startup.HostConfig.check(HostConfig.java:1586)
	at org.apache.catalina.startup.HostConfig.lifecycleEvent(HostConfig.java:280)
	at org.apache.catalina.util.LifecycleBase.fireLifecycleEvent(LifecycleBase.java:94)
	at org.apache.catalina.core.ContainerBase.backgroundProcess(ContainerBase.java:1164)
	at org.apache.catalina.core.ContainerBase$ContainerBackgroundProcessor.processChildren(ContainerBase.java:1388)
	at org.apache.catalina.core.ContainerBase$ContainerBackgroundProcessor.processChildren(ContainerBase.java:1392)
	at org.apache.catalina.core.ContainerBase$ContainerBackgroundProcessor.run(ContainerBase.java:1360)
	at java.lang.Thread.run(Thread.java:745)

